<?xml version="1.0" encoding="UTF-8"?>
<testng-results ignored="0" total="2" passed="2" failed="0" skipped="0">
  <reporter-output>
  </reporter-output>
  <suite started-at="2022-06-06T12:16:42 NPT" name="Default suite" finished-at="2022-06-06T12:16:46 NPT" duration-ms="4567">
    <groups>
    </groups>
    <test started-at="2022-06-06T12:16:42 NPT" name="Default test" finished-at="2022-06-06T12:16:46 NPT" duration-ms="4567">
      <class name="MavenBajaj.GetAndPost">
        <test-method signature="Get()[pri:0, instance:MavenBajaj.GetAndPost@4a7f959b]" started-at="2022-06-06T12:16:42 NPT" name="Get" finished-at="2022-06-06T12:16:46 NPT" duration-ms="3917" status="PASS">
          <reporter-output>
          </reporter-output>
        </test-method> <!-- Get -->
        <test-method signature="Post()[pri:0, instance:MavenBajaj.GetAndPost@4a7f959b]" started-at="2022-06-06T12:16:46 NPT" name="Post" finished-at="2022-06-06T12:16:46 NPT" duration-ms="577" status="PASS">
          <reporter-output>
          </reporter-output>
        </test-method> <!-- Post -->
      </class> <!-- MavenBajaj.GetAndPost -->
    </test> <!-- Default test -->
  </suite> <!-- Default suite -->
</testng-results>
